[14:28:10] [Server thread/INFO]: Starting minecraft server version 1.7.10
[14:28:14] [Server thread/INFO]: Loading properties
[14:28:14] [Server thread/INFO]: Default game type: SURVIVAL
[14:28:14] [Server thread/INFO]: Generating keypair
[14:28:14] [Server thread/INFO]: Starting Minecraft server on *:25565
[14:28:14] [Server thread/WARN]: **** SERVER IS RUNNING IN OFFLINE/INSECURE MODE!
[14:28:14] [Server thread/WARN]: The server will make no attempt to authenticate usernames. Beware.
[14:28:14] [Server thread/WARN]: While this makes the game possible to play without internet access, it also opens up the ability for hackers to connect with any username they choose.
[14:28:14] [Server thread/WARN]: To change this, set "online-mode" to "true" in the server.properties file.
[14:28:14] [Server thread/INFO]: Preparing level "world"
[14:28:14] [Server thread/INFO]: Preparing start region for level 0
[14:28:15] [Server thread/INFO]: Done (0.645s)! For help, type "help" or "?"
[14:29:33] [Server thread/INFO]: Player171[/127.0.0.1:50413] logged in with entity id 117 at (-246.5, 69.0, 236.5)
[14:29:33] [Server thread/INFO]: Player171 joined the game
[14:29:35] [Server thread/INFO]: Player171 has just earned the achievement [Taking Inventory]
[14:29:45] [Server thread/INFO]: Opped Player171
[14:29:51] [Server thread/INFO]: [Player171: Set own game mode to Creative Mode]
[14:35:18] [Server thread/INFO]: Player171 lost connection: TranslatableComponent{key='disconnect.genericReason', args=[Internal Exception: java.io.IOException: An existing connection was forcibly closed by the remote host], siblings=[], style=Style{hasParent=false, color=null, bold=null, italic=null, underlined=null, obfuscated=null, clickEvent=null, hoverEvent=null}}
[14:35:18] [Server thread/INFO]: Player171 left the game
Loader/INFO]: Sound engine started
[14:29:33] [Client thread/INFO]: Connecting to localhost, 25565
[14:29:35] [Client thread/INFO]: [CHAT] Player171 has just earned the achievement [Taking Inventory]
[14:29:45] [Client thread/INFO]: [CHAT] [Server: Opped Player171]
[14:29:51] [Client thread/INFO]: [CHAT] Your game mode has been updated
[14:35:28] [Server thread/INFO]: Starting minecraft server version 1.7.10
[14:35:33] [Server thread/INFO]: Loading properties
[14:35:33] [Server thread/INFO]: Default game type:[14:35:35] [Client thread/INFO]: Reloading ResourceManager: Default, FMLFileResourcePack:Forge Mod Loader, FMLFileResourcePack:Minecraft Forge, FMLFileResourcePack:Pumpkin King
[14:35:36] [Sound Library Loader/INFO]: Sound engine started
[14:35:36] [Client thread/INFO]: Created: 16x16 textures/blocks-atlas
[14:35:36] [Client thread/INFO]: Created: 16x16 textures/items-atlas
[14:35:36] [Client thread/INFO]: Reloading ResourceManager: Default, FMLFileResourcePack:Forge Mod Loader, FMLFileResourcePack:Minecraft Forge, FMLFileResourcePack:Pumpkin King
[14:35:36] [Client thread/INFO]: Created: 512x256 textures/blocks-atlas
[14:35:36] [Client thread/INFO]: Created: 256x256 textures/items-atlas
[14:35:37] [Sound Library Loader/INFO]: Sound engine started
[14:35:53] [Client thread/INFO]: Connecting to local[14:35:53] [S[14:35:58] [Client thread/INFO]: [CHAT] Player937 has just earned the achievement [Taking Inventory]
[14:36:07] [Client thread/INFO]: [CHAT] [Server: Opped Player937]
[14:36:12] [Client thread/INFO]: [CHAT] Your game mode has been updated
[14:36:34] [Client thread/INFO]: [CHAT] Ready or not...
[14:37:35] [Client thread/INFO]: Stopping!
layer937: Set own game mode to Creative Mode]
[14:37:34] [Server thread/INFO]: Player937 lost connection: TextComponent{text='Disconnected', siblings=[], style=Style{hasParent=false, color=null, bold=null, italic=null, underlined=null, obfuscated=null, clickEvent=null, hoverEvent=null}}
[14:37:34] [Server thread/INFO]: Player937 left the game
